<?xml version="1.0" encoding="UTF-8"?>
<!-- Generated by org.testng.reporters.JUnitReportReporter -->
<testsuite skipped="0" hostname="LAPTOP-UE81SBM0" name="com.lemon.testcases.RegisterTest" tests="14" failures="0" timestamp="2022-03-14T17:59:26 CST" time="2.834" errors="0">
  <testcase name="register" time="0.138" classname="com.lemon.testcases.RegisterTest"/>
  <testcase name="register" time="0.256" classname="com.lemon.testcases.RegisterTest"/>
  <testcase name="register" time="0.199" classname="com.lemon.testcases.RegisterTest"/>
  <testcase name="register" time="0.142" classname="com.lemon.testcases.RegisterTest"/>
  <testcase name="register" time="0.137" classname="com.lemon.testcases.RegisterTest"/>
  <testcase name="register" time="0.117" classname="com.lemon.testcases.RegisterTest"/>
  <testcase name="register" time="0.144" classname="com.lemon.testcases.RegisterTest"/>
  <testcase name="register" time="0.757" classname="com.lemon.testcases.RegisterTest"/>
  <testcase name="register" time="0.131" classname="com.lemon.testcases.RegisterTest"/>
  <testcase name="register" time="0.134" classname="com.lemon.testcases.RegisterTest"/>
  <testcase name="register" time="0.126" classname="com.lemon.testcases.RegisterTest"/>
  <testcase name="register" time="0.153" classname="com.lemon.testcases.RegisterTest"/>
  <testcase name="register" time="0.136" classname="com.lemon.testcases.RegisterTest"/>
  <testcase name="register" time="0.264" classname="com.lemon.testcases.RegisterTest"/>
</testsuite> <!-- com.lemon.testcases.RegisterTest -->
