<?xml version="1.0" encoding="UTF-8"?>
<!-- Generated by org.testng.reporters.JUnitReportReporter -->
<testsuite skipped="0" hostname="LAPTOP-UE81SBM0" name="com.lemon.testcases.LoginTest" tests="13" failures="0" timestamp="2022-03-14T17:59:26 CST" time="2.134" errors="0">
  <testcase name="Login" time="0.134" classname="com.lemon.testcases.LoginTest"/>
  <testcase name="Login" time="0.139" classname="com.lemon.testcases.LoginTest"/>
  <testcase name="Login" time="0.194" classname="com.lemon.testcases.LoginTest"/>
  <testcase name="Login" time="0.194" classname="com.lemon.testcases.LoginTest"/>
  <testcase name="Login" time="0.194" classname="com.lemon.testcases.LoginTest"/>
  <testcase name="Login" time="0.139" classname="com.lemon.testcases.LoginTest"/>
  <testcase name="Login" time="0.195" classname="com.lemon.testcases.LoginTest"/>
  <testcase name="Login" time="0.137" classname="com.lemon.testcases.LoginTest"/>
  <testcase name="Login" time="0.226" classname="com.lemon.testcases.LoginTest"/>
  <testcase name="Login" time="0.201" classname="com.lemon.testcases.LoginTest"/>
  <testcase name="Login" time="0.130" classname="com.lemon.testcases.LoginTest"/>
  <testcase name="Login" time="0.128" classname="com.lemon.testcases.LoginTest"/>
  <testcase name="Login" time="0.123" classname="com.lemon.testcases.LoginTest"/>
</testsuite> <!-- com.lemon.testcases.LoginTest -->
